<?xml version="1.0" encoding="UTF-8"?>
<testsuite xmlns:xsi="http://www.w3.org/2001/XMLSchema-instance" xsi:noNamespaceSchemaLocation="https://maven.apache.org/surefire/maven-surefire-plugin/xsd/surefire-test-report.xsd" name="io.vertx.conduit.DemoTest" time="0.185" tests="1" errors="0" skipped="0" failures="0">
  <properties>
    <property name="gopherProxySet" value="false"/>
    <property name="awt.toolkit" value="sun.lwawt.macosx.LWCToolkit"/>
    <property name="file.encoding.pkg" value="sun.io"/>
    <property name="java.specification.version" value="1.8"/>
    <property name="sun.cpu.isalist" value=""/>
    <property name="sun.jnu.encoding" value="UTF-8"/>
    <property name="java.class.path" value="/Users/jeremydavis/Workspace/codeone/vertx-conduit-docs/solution/vertx-conduit-solution/vertx-conduit-starter/target/test-classes:/Users/jeremydavis/Workspace/codeone/vertx-conduit-docs/solution/vertx-conduit-solution/vertx-conduit-starter/target/classes:/Users/jeremydavis/.m2/repository/io/vertx/vertx-core/3.5.2/vertx-core-3.5.2.jar:/Users/jeremydavis/.m2/repository/io/netty/netty-common/4.1.19.Final/netty-common-4.1.19.Final.jar:/Users/jeremydavis/.m2/repository/io/netty/netty-buffer/4.1.19.Final/netty-buffer-4.1.19.Final.jar:/Users/jeremydavis/.m2/repository/io/netty/netty-transport/4.1.19.Final/netty-transport-4.1.19.Final.jar:/Users/jeremydavis/.m2/repository/io/netty/netty-handler/4.1.19.Final/netty-handler-4.1.19.Final.jar:/Users/jeremydavis/.m2/repository/io/netty/netty-codec/4.1.19.Final/netty-codec-4.1.19.Final.jar:/Users/jeremydavis/.m2/repository/io/netty/netty-handler-proxy/4.1.19.Final/netty-handler-proxy-4.1.19.Final.jar:/Users/jeremydavis/.m2/repository/io/netty/netty-codec-socks/4.1.19.Final/netty-codec-socks-4.1.19.Final.jar:/Users/jeremydavis/.m2/repository/io/netty/netty-codec-http/4.1.19.Final/netty-codec-http-4.1.19.Final.jar:/Users/jeremydavis/.m2/repository/io/netty/netty-codec-http2/4.1.19.Final/netty-codec-http2-4.1.19.Final.jar:/Users/jeremydavis/.m2/repository/io/netty/netty-resolver/4.1.19.Final/netty-resolver-4.1.19.Final.jar:/Users/jeremydavis/.m2/repository/io/netty/netty-resolver-dns/4.1.19.Final/netty-resolver-dns-4.1.19.Final.jar:/Users/jeremydavis/.m2/repository/io/netty/netty-codec-dns/4.1.19.Final/netty-codec-dns-4.1.19.Final.jar:/Users/jeremydavis/.m2/repository/com/fasterxml/jackson/core/jackson-core/2.9.5/jackson-core-2.9.5.jar:/Users/jeremydavis/.m2/repository/com/fasterxml/jackson/core/jackson-databind/2.9.5/jackson-databind-2.9.5.jar:/Users/jeremydavis/.m2/repository/com/fasterxml/jackson/core/jackson-annotations/2.9.5/jackson-annotations-2.9.5.jar:/Users/jeremydavis/.m2/repository/io/vertx/vertx-web/3.5.2/vertx-web-3.5.2.jar:/Users/jeremydavis/.m2/repository/io/vertx/vertx-auth-common/3.5.2/vertx-auth-common-3.5.2.jar:/Users/jeremydavis/.m2/repository/io/vertx/vertx-bridge-common/3.5.2/vertx-bridge-common-3.5.2.jar:/Users/jeremydavis/.m2/repository/io/vertx/vertx-web-client/3.5.2/vertx-web-client-3.5.2.jar:/Users/jeremydavis/.m2/repository/io/vertx/vertx-web-common/3.5.2/vertx-web-common-3.5.2.jar:/Users/jeremydavis/.m2/repository/io/vertx/vertx-auth-jdbc/3.5.2/vertx-auth-jdbc-3.5.2.jar:/Users/jeremydavis/.m2/repository/io/vertx/vertx-jdbc-client/3.5.2/vertx-jdbc-client-3.5.2.jar:/Users/jeremydavis/.m2/repository/io/vertx/vertx-sql-common/3.5.2/vertx-sql-common-3.5.2.jar:/Users/jeremydavis/.m2/repository/com/mchange/c3p0/0.9.5.2/c3p0-0.9.5.2.jar:/Users/jeremydavis/.m2/repository/com/mchange/mchange-commons-java/0.2.11/mchange-commons-java-0.2.11.jar:/Users/jeremydavis/.m2/repository/org/hsqldb/hsqldb/2.3.4/hsqldb-2.3.4.jar:/Users/jeremydavis/.m2/repository/io/vertx/vertx-junit5/3.5.2/vertx-junit5-3.5.2.jar:/Users/jeremydavis/.m2/repository/org/junit/jupiter/junit-jupiter-engine/5.1.0/junit-jupiter-engine-5.1.0.jar:/Users/jeremydavis/.m2/repository/org/apiguardian/apiguardian-api/1.0.0/apiguardian-api-1.0.0.jar:/Users/jeremydavis/.m2/repository/org/junit/platform/junit-platform-engine/1.1.0/junit-platform-engine-1.1.0.jar:/Users/jeremydavis/.m2/repository/org/junit/jupiter/junit-jupiter-api/5.1.0/junit-jupiter-api-5.1.0.jar:/Users/jeremydavis/.m2/repository/org/opentest4j/opentest4j/1.0.0/opentest4j-1.0.0.jar:/Users/jeremydavis/.m2/repository/org/junit/platform/junit-platform-commons/1.1.0/junit-platform-commons-1.1.0.jar:/Users/jeremydavis/.m2/repository/org/junit/jupiter/junit-jupiter-params/5.1.0/junit-jupiter-params-5.1.0.jar:/Users/jeremydavis/.m2/repository/org/flywaydb/flyway-core/5.2.0/flyway-core-5.2.0.jar:"/>
    <property name="java.vm.vendor" value="Oracle Corporation"/>
    <property name="sun.arch.data.model" value="64"/>
    <property name="java.vendor.url" value="http://java.oracle.com/"/>
    <property name="user.timezone" value=""/>
    <property name="java.vm.specification.version" value="1.8"/>
    <property name="os.name" value="Mac OS X"/>
    <property name="user.country" value="US"/>
    <property name="sun.java.launcher" value="SUN_STANDARD"/>
    <property name="sun.boot.library.path" value="/Library/Java/JavaVirtualMachines/jdk1.8.0_74.jdk/Contents/Home/jre/lib"/>
    <property name="sun.java.command" value="/Users/jeremydavis/Workspace/codeone/vertx-conduit-docs/solution/vertx-conduit-solution/vertx-conduit-starter/target/surefire/surefirebooter9045938779780246137.jar /Users/jeremydavis/Workspace/codeone/vertx-conduit-docs/solution/vertx-conduit-solution/vertx-conduit-starter/target/surefire 2018-10-13T10-35-29_172-jvmRun1 surefire6711026497776250947tmp surefire_03044812647570499854tmp"/>
    <property name="http.nonProxyHosts" value="local|*.local|169.254/16|*.169.254/16"/>
    <property name="surefire.test.class.path" value="/Users/jeremydavis/Workspace/codeone/vertx-conduit-docs/solution/vertx-conduit-solution/vertx-conduit-starter/target/test-classes:/Users/jeremydavis/Workspace/codeone/vertx-conduit-docs/solution/vertx-conduit-solution/vertx-conduit-starter/target/classes:/Users/jeremydavis/.m2/repository/io/vertx/vertx-core/3.5.2/vertx-core-3.5.2.jar:/Users/jeremydavis/.m2/repository/io/netty/netty-common/4.1.19.Final/netty-common-4.1.19.Final.jar:/Users/jeremydavis/.m2/repository/io/netty/netty-buffer/4.1.19.Final/netty-buffer-4.1.19.Final.jar:/Users/jeremydavis/.m2/repository/io/netty/netty-transport/4.1.19.Final/netty-transport-4.1.19.Final.jar:/Users/jeremydavis/.m2/repository/io/netty/netty-handler/4.1.19.Final/netty-handler-4.1.19.Final.jar:/Users/jeremydavis/.m2/repository/io/netty/netty-codec/4.1.19.Final/netty-codec-4.1.19.Final.jar:/Users/jeremydavis/.m2/repository/io/netty/netty-handler-proxy/4.1.19.Final/netty-handler-proxy-4.1.19.Final.jar:/Users/jeremydavis/.m2/repository/io/netty/netty-codec-socks/4.1.19.Final/netty-codec-socks-4.1.19.Final.jar:/Users/jeremydavis/.m2/repository/io/netty/netty-codec-http/4.1.19.Final/netty-codec-http-4.1.19.Final.jar:/Users/jeremydavis/.m2/repository/io/netty/netty-codec-http2/4.1.19.Final/netty-codec-http2-4.1.19.Final.jar:/Users/jeremydavis/.m2/repository/io/netty/netty-resolver/4.1.19.Final/netty-resolver-4.1.19.Final.jar:/Users/jeremydavis/.m2/repository/io/netty/netty-resolver-dns/4.1.19.Final/netty-resolver-dns-4.1.19.Final.jar:/Users/jeremydavis/.m2/repository/io/netty/netty-codec-dns/4.1.19.Final/netty-codec-dns-4.1.19.Final.jar:/Users/jeremydavis/.m2/repository/com/fasterxml/jackson/core/jackson-core/2.9.5/jackson-core-2.9.5.jar:/Users/jeremydavis/.m2/repository/com/fasterxml/jackson/core/jackson-databind/2.9.5/jackson-databind-2.9.5.jar:/Users/jeremydavis/.m2/repository/com/fasterxml/jackson/core/jackson-annotations/2.9.5/jackson-annotations-2.9.5.jar:/Users/jeremydavis/.m2/repository/io/vertx/vertx-web/3.5.2/vertx-web-3.5.2.jar:/Users/jeremydavis/.m2/repository/io/vertx/vertx-auth-common/3.5.2/vertx-auth-common-3.5.2.jar:/Users/jeremydavis/.m2/repository/io/vertx/vertx-bridge-common/3.5.2/vertx-bridge-common-3.5.2.jar:/Users/jeremydavis/.m2/repository/io/vertx/vertx-web-client/3.5.2/vertx-web-client-3.5.2.jar:/Users/jeremydavis/.m2/repository/io/vertx/vertx-web-common/3.5.2/vertx-web-common-3.5.2.jar:/Users/jeremydavis/.m2/repository/io/vertx/vertx-auth-jdbc/3.5.2/vertx-auth-jdbc-3.5.2.jar:/Users/jeremydavis/.m2/repository/io/vertx/vertx-jdbc-client/3.5.2/vertx-jdbc-client-3.5.2.jar:/Users/jeremydavis/.m2/repository/io/vertx/vertx-sql-common/3.5.2/vertx-sql-common-3.5.2.jar:/Users/jeremydavis/.m2/repository/com/mchange/c3p0/0.9.5.2/c3p0-0.9.5.2.jar:/Users/jeremydavis/.m2/repository/com/mchange/mchange-commons-java/0.2.11/mchange-commons-java-0.2.11.jar:/Users/jeremydavis/.m2/repository/org/hsqldb/hsqldb/2.3.4/hsqldb-2.3.4.jar:/Users/jeremydavis/.m2/repository/io/vertx/vertx-junit5/3.5.2/vertx-junit5-3.5.2.jar:/Users/jeremydavis/.m2/repository/org/junit/jupiter/junit-jupiter-engine/5.1.0/junit-jupiter-engine-5.1.0.jar:/Users/jeremydavis/.m2/repository/org/apiguardian/apiguardian-api/1.0.0/apiguardian-api-1.0.0.jar:/Users/jeremydavis/.m2/repository/org/junit/platform/junit-platform-engine/1.1.0/junit-platform-engine-1.1.0.jar:/Users/jeremydavis/.m2/repository/org/junit/jupiter/junit-jupiter-api/5.1.0/junit-jupiter-api-5.1.0.jar:/Users/jeremydavis/.m2/repository/org/opentest4j/opentest4j/1.0.0/opentest4j-1.0.0.jar:/Users/jeremydavis/.m2/repository/org/junit/platform/junit-platform-commons/1.1.0/junit-platform-commons-1.1.0.jar:/Users/jeremydavis/.m2/repository/org/junit/jupiter/junit-jupiter-params/5.1.0/junit-jupiter-params-5.1.0.jar:/Users/jeremydavis/.m2/repository/org/flywaydb/flyway-core/5.2.0/flyway-core-5.2.0.jar:"/>
    <property name="sun.cpu.endian" value="little"/>
    <property name="user.home" value="/Users/jeremydavis"/>
    <property name="user.language" value="en"/>
    <property name="java.specification.vendor" value="Oracle Corporation"/>
    <property name="java.home" value="/Library/Java/JavaVirtualMachines/jdk1.8.0_74.jdk/Contents/Home/jre"/>
    <property name="basedir" value="/Users/jeremydavis/Workspace/codeone/vertx-conduit-docs/solution/vertx-conduit-solution/vertx-conduit-starter"/>
    <property name="file.separator" value="/"/>
    <property name="line.separator" value="&#10;"/>
    <property name="java.vm.specification.vendor" value="Oracle Corporation"/>
    <property name="java.specification.name" value="Java Platform API Specification"/>
    <property name="java.awt.graphicsenv" value="sun.awt.CGraphicsEnvironment"/>
    <property name="surefire.real.class.path" value="/Users/jeremydavis/Workspace/codeone/vertx-conduit-docs/solution/vertx-conduit-solution/vertx-conduit-starter/target/surefire/surefirebooter9045938779780246137.jar"/>
    <property name="sun.boot.class.path" value="/Library/Java/JavaVirtualMachines/jdk1.8.0_74.jdk/Contents/Home/jre/lib/resources.jar:/Library/Java/JavaVirtualMachines/jdk1.8.0_74.jdk/Contents/Home/jre/lib/rt.jar:/Library/Java/JavaVirtualMachines/jdk1.8.0_74.jdk/Contents/Home/jre/lib/sunrsasign.jar:/Library/Java/JavaVirtualMachines/jdk1.8.0_74.jdk/Contents/Home/jre/lib/jsse.jar:/Library/Java/JavaVirtualMachines/jdk1.8.0_74.jdk/Contents/Home/jre/lib/jce.jar:/Library/Java/JavaVirtualMachines/jdk1.8.0_74.jdk/Contents/Home/jre/lib/charsets.jar:/Library/Java/JavaVirtualMachines/jdk1.8.0_74.jdk/Contents/Home/jre/lib/jfr.jar:/Library/Java/JavaVirtualMachines/jdk1.8.0_74.jdk/Contents/Home/jre/classes"/>
    <property name="sun.management.compiler" value="HotSpot 64-Bit Tiered Compilers"/>
    <property name="ftp.nonProxyHosts" value="local|*.local|169.254/16|*.169.254/16"/>
    <property name="java.runtime.version" value="1.8.0_74-b02"/>
    <property name="user.name" value="jeremydavis"/>
    <property name="path.separator" value=":"/>
    <property name="os.version" value="10.13.6"/>
    <property name="java.endorsed.dirs" value="/Library/Java/JavaVirtualMachines/jdk1.8.0_74.jdk/Contents/Home/jre/lib/endorsed"/>
    <property name="java.runtime.name" value="Java(TM) SE Runtime Environment"/>
    <property name="file.encoding" value="UTF-8"/>
    <property name="java.vm.name" value="Java HotSpot(TM) 64-Bit Server VM"/>
    <property name="localRepository" value="/Users/jeremydavis/.m2/repository"/>
    <property name="java.vendor.url.bug" value="http://bugreport.sun.com/bugreport/"/>
    <property name="java.io.tmpdir" value="/var/folders/2k/ln12yl894b3_1gjj93xmyd300000gn/T/"/>
    <property name="java.version" value="1.8.0_74"/>
    <property name="user.dir" value="/Users/jeremydavis/Workspace/codeone/vertx-conduit-docs/solution/vertx-conduit-solution/vertx-conduit-starter"/>
    <property name="os.arch" value="x86_64"/>
    <property name="java.vm.specification.name" value="Java Virtual Machine Specification"/>
    <property name="java.awt.printerjob" value="sun.lwawt.macosx.CPrinterJob"/>
    <property name="sun.os.patch.level" value="unknown"/>
    <property name="java.library.path" value="/Users/jeremydavis/Library/Java/Extensions:/Library/Java/Extensions:/Network/Library/Java/Extensions:/System/Library/Java/Extensions:/usr/lib/java:."/>
    <property name="java.vm.info" value="mixed mode"/>
    <property name="java.vendor" value="Oracle Corporation"/>
    <property name="java.vm.version" value="25.74-b02"/>
    <property name="java.ext.dirs" value="/Users/jeremydavis/Library/Java/Extensions:/Library/Java/JavaVirtualMachines/jdk1.8.0_74.jdk/Contents/Home/jre/lib/ext:/Library/Java/Extensions:/Network/Library/Java/Extensions:/System/Library/Java/Extensions:/usr/lib/java"/>
    <property name="sun.io.unicode.encoding" value="UnicodeBig"/>
    <property name="java.class.version" value="52.0"/>
    <property name="socksNonProxyHosts" value="local|*.local|169.254/16|*.169.254/16"/>
  </properties>
  <testcase name="test{Vertx, VertxTestContext}" classname="io.vertx.conduit.DemoTest" time="0.183"/>
</testsuite>